<?xml version="1.0" encoding="UTF-8"?>
<testsuite xmlns:xsi="http://www.w3.org/2001/XMLSchema-instance" xsi:noNamespaceSchemaLocation="https://maven.apache.org/surefire/maven-surefire-plugin/xsd/surefire-test-report.xsd" name="com.injaecompany.Final.InjaeCompanyApplicationTests" time="0.305" tests="1" errors="1" skipped="0" failures="0">
  <properties>
[...]
</properties>
  <testcase name="com.injaecompany.Final.InjaeCompanyApplicationTests" classname="com.injaecompany.Final.InjaeCompanyApplicationTests" time="0.304">
    <error message="Unable to find a @SpringBootConfiguration, you need to use @ContextConfiguration or @SpringBootTest(classes=...) with your test" type="java.lang.IllegalStateException">java.lang.IllegalStateException: Unable to find a @SpringBootConfiguration, you need to use @ContextConfiguration or @SpringBootTest(classes=...) with your test
</error>
    <system-out><![CDATA[11:22:25.038 [main] DEBUG org.springframework.test.context.BootstrapUtils - Instantiating CacheAwareContextLoaderDelegate from class [org.springframework.test.context.cache.DefaultCacheAwareContextLoaderDelegate]
11:22:25.050 [main] DEBUG org.springframework.test.context.BootstrapUtils - Instantiating BootstrapContext using constructor [public org.springframework.test.context.support.DefaultBootstrapContext(java.lang.Class,org.springframework.test.context.CacheAwareContextLoaderDelegate)]
11:22:25.086 [main] DEBUG org.springframework.test.context.BootstrapUtils - Instantiating TestContextBootstrapper for test class [com.injaecompany.Final.InjaeCompanyApplicationTests] from class [org.springframework.boot.test.context.SpringBootTestContextBootstrapper]
11:22:25.098 [main] INFO org.springframework.boot.test.context.SpringBootTestContextBootstrapper - Neither @ContextConfiguration nor @ContextHierarchy found for test class [com.injaecompany.Final.InjaeCompanyApplicationTests], using SpringBootContextLoader
11:22:25.101 [main] DEBUG org.springframework.test.context.support.AbstractContextLoader - Did not detect default resource location for test class [com.injaecompany.Final.InjaeCompanyApplicationTests]: class path resource [com/injaecompany/Final/InjaeCompanyApplicationTests-context.xml] does not exist
11:22:25.102 [main] DEBUG org.springframework.test.context.support.AbstractContextLoader - Did not detect default resource location for test class [com.injaecompany.Final.InjaeCompanyApplicationTests]: class path resource [com/injaecompany/Final/InjaeCompanyApplicationTestsContext.groovy] does not exist
11:22:25.102 [main] INFO org.springframework.test.context.support.AbstractContextLoader - Could not detect default resource locations for test class [com.injaecompany.Final.InjaeCompanyApplicationTests]: no resource found for suffixes {-context.xml, Context.groovy}.
11:22:25.103 [main] INFO org.springframework.test.context.support.AnnotationConfigContextLoaderUtils - Could not detect default configuration classes for test class [com.injaecompany.Final.InjaeCompanyApplicationTests]: InjaeCompanyApplicationTests does not declare any static, non-private, non-final, nested classes annotated with @Configuration.
11:22:25.151 [main] DEBUG org.springframework.test.context.support.ActiveProfilesUtils - Could not find an 'annotation declaring class' for annotation type [org.springframework.test.context.ActiveProfiles] and class [com.injaecompany.Final.InjaeCompanyApplicationTests]
11:22:25.217 [main] DEBUG org.springframework.test.context.BootstrapUtils - Instantiating CacheAwareContextLoaderDelegate from class [org.springframework.test.context.cache.DefaultCacheAwareContextLoaderDelegate]
11:22:25.217 [main] DEBUG org.springframework.test.context.BootstrapUtils - Instantiating BootstrapContext using constructor [public org.springframework.test.context.support.DefaultBootstrapContext(java.lang.Class,org.springframework.test.context.CacheAwareContextLoaderDelegate)]
11:22:25.219 [main] DEBUG org.springframework.test.context.BootstrapUtils - Instantiating TestContextBootstrapper for test class [com.injaecompany.Final.InjaeCompanyApplicationTests] from class [org.springframework.boot.test.context.SpringBootTestContextBootstrapper]
11:22:25.219 [main] INFO org.springframework.boot.test.context.SpringBootTestContextBootstrapper - Neither @ContextConfiguration nor @ContextHierarchy found for test class [com.injaecompany.Final.InjaeCompanyApplicationTests], using SpringBootContextLoader
11:22:25.220 [main] DEBUG org.springframework.test.context.support.AbstractContextLoader - Did not detect default resource location for test class [com.injaecompany.Final.InjaeCompanyApplicationTests]: class path resource [com/injaecompany/Final/InjaeCompanyApplicationTests-context.xml] does not exist
11:22:25.221 [main] DEBUG org.springframework.test.context.support.AbstractContextLoader - Did not detect default resource location for test class [com.injaecompany.Final.InjaeCompanyApplicationTests]: class path resource [com/injaecompany/Final/InjaeCompanyApplicationTestsContext.groovy] does not exist
11:22:25.221 [main] INFO org.springframework.test.context.support.AbstractContextLoader - Could not detect default resource locations for test class [com.injaecompany.Final.InjaeCompanyApplicationTests]: no resource found for suffixes {-context.xml, Context.groovy}.
11:22:25.221 [main] INFO org.springframework.test.context.support.AnnotationConfigContextLoaderUtils - Could not detect default configuration classes for test class [com.injaecompany.Final.InjaeCompanyApplicationTests]: InjaeCompanyApplicationTests does not declare any static, non-private, non-final, nested classes annotated with @Configuration.
11:22:25.224 [main] DEBUG org.springframework.test.context.support.ActiveProfilesUtils - Could not find an 'annotation declaring class' for annotation type [org.springframework.test.context.ActiveProfiles] and class [com.injaecompany.Final.InjaeCompanyApplicationTests]
11:22:25.241 [main] DEBUG org.springframework.test.context.BootstrapUtils - Instantiating CacheAwareContextLoaderDelegate from class [org.springframework.test.context.cache.DefaultCacheAwareContextLoaderDelegate]
11:22:25.242 [main] DEBUG org.springframework.test.context.BootstrapUtils - Instantiating BootstrapContext using constructor [public org.springframework.test.context.support.DefaultBootstrapContext(java.lang.Class,org.springframework.test.context.CacheAwareContextLoaderDelegate)]
11:22:25.242 [main] DEBUG org.springframework.test.context.BootstrapUtils - Instantiating TestContextBootstrapper for test class [com.injaecompany.Final.InjaeCompanyApplicationTests] from class [org.springframework.boot.test.context.SpringBootTestContextBootstrapper]
11:22:25.243 [main] INFO org.springframework.boot.test.context.SpringBootTestContextBootstrapper - Neither @ContextConfiguration nor @ContextHierarchy found for test class [com.injaecompany.Final.InjaeCompanyApplicationTests], using SpringBootContextLoader
11:22:25.244 [main] DEBUG org.springframework.test.context.support.AbstractContextLoader - Did not detect default resource location for test class [com.injaecompany.Final.InjaeCompanyApplicationTests]: class path resource [com/injaecompany/Final/InjaeCompanyApplicationTests-context.xml] does not exist
11:22:25.245 [main] DEBUG org.springframework.test.context.support.AbstractContextLoader - Did not detect default resource location for test class [com.injaecompany.Final.InjaeCompanyApplicationTests]: class path resource [com/injaecompany/Final/InjaeCompanyApplicationTestsContext.groovy] does not exist
11:22:25.245 [main] INFO org.springframework.test.context.support.AbstractContextLoader - Could not detect default resource locations for test class [com.injaecompany.Final.InjaeCompanyApplicationTests]: no resource found for suffixes {-context.xml, Context.groovy}.
11:22:25.246 [main] INFO org.springframework.test.context.support.AnnotationConfigContextLoaderUtils - Could not detect default configuration classes for test class [com.injaecompany.Final.InjaeCompanyApplicationTests]: InjaeCompanyApplicationTests does not declare any static, non-private, non-final, nested classes annotated with @Configuration.
11:22:25.250 [main] DEBUG org.springframework.test.context.support.ActiveProfilesUtils - Could not find an 'annotation declaring class' for annotation type [org.springframework.test.context.ActiveProfiles] and class [com.injaecompany.Final.InjaeCompanyApplicationTests]
]]></system-out>
  </testcase>
</testsuite>